[    0.000000] Linux version 4.15.0-192-generic (buildd@lcy02-amd64-029) (gcc version 7.5.0 (Ubuntu 7.5.0-3ubuntu1~18.04)) #203-Ubuntu SMP Wed Aug 10 17:40:03 UTC 2022 (Ubuntu 4.15.0-192.203-generic 4.15.18)
[    0.000000] Command line: BOOT_IMAGE=/boot/vmlinuz-4.15.0-192-generic root=LABEL=cloudimg-rootfs ro console=tty1 console=ttyS0
[    0.000000] KERNEL supported cpus:
[    0.000000]   Intel GenuineIntel
[    0.000000]   AMD AuthenticAMD
[    0.000000]   Centaur CentaurHauls
[    0.000000] x86/fpu: Supporting XSAVE feature 0x001: 'x87 floating point registers'
[    0.000000] x86/fpu: Supporting XSAVE feature 0x002: 'SSE registers'
[    0.000000] x86/fpu: Supporting XSAVE feature 0x004: 'AVX registers'
[    0.000000] x86/fpu: xstate_offset[2]:  576, xstate_sizes[2]:  256
[    0.000000] x86/fpu: Enabled xstate features 0x7, context size is 832 bytes, using 'standard' format.
[    0.000000] e820: BIOS-provided physical RAM map:
[    0.000000] BIOS-e820: [mem 0x0000000000000000-0x000000000009fbff] usable
[    0.000000] BIOS-e820: [mem 0x000000000009fc00-0x000000000009ffff] reserved
[    0.000000] BIOS-e820: [mem 0x00000000000f0000-0x00000000000fffff] reserved
[    0.000000] BIOS-e820: [mem 0x0000000000100000-0x000000007ffeffff] usable
[    0.000000] BIOS-e820: [mem 0x000000007fff0000-0x000000007fffffff] ACPI data
[    0.000000] BIOS-e820: [mem 0x00000000fec00000-0x00000000fec00fff] reserved
[    0.000000] BIOS-e820: [mem 0x00000000fee00000-0x00000000fee00fff] reserved
[    0.000000] BIOS-e820: [mem 0x00000000fffc0000-0x00000000ffffffff] reserved
[    0.000000] NX (Execute Disable) protection: active
[    0.000000] SMBIOS 2.5 present.
[    0.000000] DMI: innotek GmbH VirtualBox/VirtualBox, BIOS VirtualBox 12/01/2006
[    0.000000] Hypervisor detected: KVM
[    0.000000] e820: last_pfn = 0x7fff0 max_arch_pfn = 0x400000000
[    0.000000] MTRR: Disabled
[    0.000000] x86/PAT: MTRRs disabled, skipping PAT initialization too.
[    0.000000] CPU MTRRs all blank - virtualized system.
[    0.000000] x86/PAT: Configuration [0-7]: WB  WT  UC- UC  WB  WT  UC- UC  
[    0.000000] found SMP MP-table at [mem 0x0009fff0-0x0009ffff]
[    0.000000] Scanning 1 areas for low memory corruption
[    0.000000] RAMDISK: [mem 0x359cb000-0x36cdcfff]
[    0.000000] ACPI: Early table checksum verification disabled
[    0.000000] ACPI: RSDP 0x00000000000E0000 000024 (v02 VBOX  )
[    0.000000] ACPI: XSDT 0x000000007FFF0030 00003C (v01 VBOX   VBOXXSDT 00000001 ASL  00000061)
[    0.000000] ACPI: FACP 0x000000007FFF00F0 0000F4 (v04 VBOX   VBOXFACP 00000001 ASL  00000061)
[    0.000000] ACPI: DSDT 0x000000007FFF0470 002325 (v02 VBOX   VBOXBIOS 00000002 INTL 20100528)
[    0.000000] ACPI: FACS 0x000000007FFF0200 000040
[    0.000000] ACPI: FACS 0x000000007FFF0200 000040
[    0.000000] ACPI: APIC 0x000000007FFF0240 00005C (v02 VBOX   VBOXAPIC 00000001 ASL  00000061)
[    0.000000] ACPI: SSDT 0x000000007FFF02A0 0001CC (v01 VBOX   VBOXCPUT 00000002 INTL 20100528)
[    0.000000] ACPI: Reserving FACP table memory at [mem 0x7fff00f0-0x7fff01e3]
[    0.000000] ACPI: Reserving DSDT table memory at [mem 0x7fff0470-0x7fff2794]
[    0.000000] ACPI: Reserving FACS table memory at [mem 0x7fff0200-0x7fff023f]
[    0.000000] ACPI: Reserving FACS table memory at [mem 0x7fff0200-0x7fff023f]
[    0.000000] ACPI: Reserving APIC table memory at [mem 0x7fff0240-0x7fff029b]
[    0.000000] ACPI: Reserving SSDT table memory at [mem 0x7fff02a0-0x7fff046b]
[    0.000000] No NUMA configuration found
[    0.000000] Faking a node at [mem 0x0000000000000000-0x000000007ffeffff]
[    0.000000] NODE_DATA(0) allocated [mem 0x7ffc5000-0x7ffeffff]
[    0.000000] kvm-clock: cpu 0, msr 0:7ff44001, primary cpu clock
[    0.000000] kvm-clock: Using msrs 4b564d01 and 4b564d00
[    0.000000] kvm-clock: using sched offset of 4971086000 cycles
[    0.000000] clocksource: kvm-clock: mask: 0xffffffffffffffff max_cycles: 0x1cd42e4dffb, max_idle_ns: 881590591483 ns
[    0.000000] Zone ranges:
[    0.000000]   DMA      [mem 0x0000000000001000-0x0000000000ffffff]
[    0.000000]   DMA32    [mem 0x0000000001000000-0x000000007ffeffff]
[    0.000000]   Normal   empty
[    0.000000]   Device   empty
[    0.000000] Movable zone start for each node
[    0.000000] Early memory node ranges
[    0.000000]   node   0: [mem 0x0000000000001000-0x000000000009efff]
[    0.000000]   node   0: [mem 0x0000000000100000-0x000000007ffeffff]
[    0.000000] Reserved but unavailable: 104 pages
[    0.000000] Initmem setup node 0 [mem 0x0000000000001000-0x000000007ffeffff]
[    0.000000] ACPI: PM-Timer IO Port: 0x4008
[    0.000000] IOAPIC[0]: apic_id 2, version 32, address 0xfec00000, GSI 0-23
[    0.000000] ACPI: INT_SRC_OVR (bus 0 bus_irq 0 global_irq 2 dfl dfl)
[    0.000000] ACPI: INT_SRC_OVR (bus 0 bus_irq 9 global_irq 9 low level)
[    0.000000] Using ACPI (MADT) for SMP configuration information
[    0.000000] smpboot: Allowing 2 CPUs, 0 hotplug CPUs
[    0.000000] PM: Registered nosave memory: [mem 0x00000000-0x00000fff]
[    0.000000] PM: Registered nosave memory: [mem 0x0009f000-0x0009ffff]
[    0.000000] PM: Registered nosave memory: [mem 0x000a0000-0x000effff]
[    0.000000] PM: Registered nosave memory: [mem 0x000f0000-0x000fffff]
[    0.000000] e820: [mem 0x80000000-0xfebfffff] available for PCI devices
[    0.000000] Booting paravirtualized kernel on KVM
[    0.000000] clocksource: refined-jiffies: mask: 0xffffffff max_cycles: 0xffffffff, max_idle_ns: 7645519600211568 ns
[    0.000000] random: get_random_bytes called from start_kernel+0x99/0x500 with crng_init=0
[    0.000000] setup_percpu: NR_CPUS:8192 nr_cpumask_bits:2 nr_cpu_ids:2 nr_node_ids:1
[    0.000000] percpu: Embedded 50 pages/cpu s167936 r8192 d28672 u1048576
[    0.000000] PV qspinlock hash table entries: 256 (order: 0, 4096 bytes)
[    0.000000] Built 1 zonelists, mobility grouping on.  Total pages: 515961
[    0.000000] Policy zone: DMA32
[    0.000000] Kernel command line: BOOT_IMAGE=/boot/vmlinuz-4.15.0-192-generic root=LABEL=cloudimg-rootfs ro console=tty1 console=ttyS0
[    0.000000] Memory: 2014840K/2096696K available (12300K kernel code, 2484K rwdata, 4324K rodata, 2468K init, 2724K bss, 81856K reserved, 0K cma-reserved)
[    0.000000] SLUB: HWalign=64, Order=0-3, MinObjects=0, CPUs=2, Nodes=1
[    0.000000] Kernel/User page tables isolation: enabled
[    0.000000] ftrace: allocating 39482 entries in 155 pages
[    0.004000] Hierarchical RCU implementation.
[    0.004000] 	RCU restricting CPUs from NR_CPUS=8192 to nr_cpu_ids=2.
[    0.004000] 	Tasks RCU enabled.
[    0.004000] RCU: Adjusting geometry for rcu_fanout_leaf=16, nr_cpu_ids=2
[    0.004000] NR_IRQS: 524544, nr_irqs: 440, preallocated irqs: 16
[    0.004000] Console: colour VGA+ 80x25
[    0.004000] console [tty1] enabled
[    0.004000] console [ttyS0] enabled
[    0.004000] ACPI: Core revision 20170831
[    0.004000] ACPI: 2 ACPI AML tables successfully acquired and loaded
[    0.004000] APIC: Switch to symmetric I/O mode setup
[    0.004000] x2apic enabled
[    0.004000] Switched APIC routing to physical x2apic.
[    0.006478] ..TIMER: vector=0x30 apic1=0 pin1=2 apic2=-1 pin2=-1
[    0.008003] tsc: Detected 2903.998 MHz processor
[    0.009584] Calibrating delay loop (skipped) preset value.. 5807.99 BogoMIPS (lpj=11615992)
[    0.012007] pid_max: default: 32768 minimum: 301
[    0.013554] Security Framework initialized
[    0.016003] Yama: becoming mindful.
[    0.017203] AppArmor: AppArmor initialized
[    0.020306] Dentry cache hash table entries: 262144 (order: 9, 2097152 bytes)
[    0.024107] Inode-cache hash table entries: 131072 (order: 8, 1048576 bytes)
[    0.028040] Mount-cache hash table entries: 4096 (order: 3, 32768 bytes)
[    0.032010] Mountpoint-cache hash table entries: 4096 (order: 3, 32768 bytes)
[    0.034388] Last level iTLB entries: 4KB 64, 2MB 8, 4MB 8
[    0.036006] Last level dTLB entries: 4KB 64, 2MB 0, 4MB 0, 1GB 4
[    0.037787] Spectre V1 : Mitigation: usercopy/swapgs barriers and __user pointer sanitization
[    0.040003] Spectre V2 : Mitigation: Retpolines
[    0.041875] Spectre V2 : Spectre v2 / SpectreRSB mitigation: Filling RSB on context switch
[    0.044006] Speculative Store Bypass: Vulnerable
[    0.045886] MDS: Mitigation: Clear CPU buffers
[    0.048007] MMIO Stale Data: Mitigation: Clear CPU buffers
[    0.049737] SRBDS: Unknown: Dependent on hypervisor status
[    0.052344] Freeing SMP alternatives memory: 36K
[    0.166412] smpboot: CPU0: Intel(R) Core(TM) i7-7500U CPU @ 2.70GHz (family: 0x6, model: 0x8e, stepping: 0x9)
[    0.168148] Performance Events: unsupported p6 CPU model 142 no PMU driver, software events only.
[    0.172078] Hierarchical SRCU implementation.
[    0.177524] NMI watchdog: Perf event create on CPU 0 failed with -2
[    0.180007] NMI watchdog: Perf NMI watchdog permanently disabled
[    0.184112] smp: Bringing up secondary CPUs ...
[    0.188009] x86: Booting SMP configuration:
[    0.190377] .... node  #0, CPUs:      #1
[    0.004000] kvm-clock: cpu 1, msr 0:7ff44041, secondary cpu clock
[    0.199630] smp: Brought up 1 node, 2 CPUs
[    0.200011] smpboot: Max logical packages: 1
[    0.202182] smpboot: Total of 2 processors activated (11615.99 BogoMIPS)
[    0.208011] devtmpfs: initialized
[    0.210995] x86/mm: Memory block size: 128MB
[    0.212528] evm: security.selinux
[    0.216005] evm: security.SMACK64
[    0.217736] evm: security.SMACK64EXEC
[    0.220016] evm: security.SMACK64TRANSMUTE
[    0.222482] evm: security.SMACK64MMAP
[    0.224005] evm: security.apparmor
[    0.226230] evm: security.ima
[    0.228006] evm: security.capability
[    0.232194] clocksource: jiffies: mask: 0xffffffff max_cycles: 0xffffffff, max_idle_ns: 7645041785100000 ns
[    0.236017] futex hash table entries: 512 (order: 3, 32768 bytes)
[    0.240077] pinctrl core: initialized pinctrl subsystem
[    0.244231] RTC time: 20:16:06, date: 09/24/22
[    0.246787] NET: Registered protocol family 16
[    0.248204] audit: initializing netlink subsys (disabled)
[    0.252060] audit: type=2000 audit(1664050573.159:1): state=initialized audit_enabled=0 res=1
[    0.256028] cpuidle: using governor ladder
[    0.260022] cpuidle: using governor menu
[    0.262124] ACPI: bus type PCI registered
[    0.264012] acpiphp: ACPI Hot Plug PCI Controller Driver version: 0.5
[    0.268234] PCI: Using configuration type 1 for base access
[    0.280066] HugeTLB registered 2.00 MiB page size, pre-allocated 0 pages
[    0.284088] ACPI: Added _OSI(Module Device)
[    0.288011] ACPI: Added _OSI(Processor Device)
[    0.289248] ACPI: Added _OSI(3.0 _SCP Extensions)
[    0.290514] ACPI: Added _OSI(Processor Aggregator Device)
[    0.292004] ACPI: Added _OSI(Linux-Dell-Video)
[    0.293254] ACPI: Added _OSI(Linux-Lenovo-NV-HDMI-Audio)
[    0.295345] ACPI: Added _OSI(Linux-HPI-Hybrid-Graphics)
[    0.296415] ACPI: Executed 1 blocks of module-level executable AML code
[    0.308275] ACPI: Interpreter enabled
[    0.309870] ACPI: (supports S0 S5)
[    0.311598] ACPI: Using IOAPIC for interrupt routing
[    0.312370] PCI: Using host bridge windows from ACPI; if necessary, use "pci=nocrs" and report a bug
[    0.315752] ACPI: Enabled 2 GPEs in block 00 to 07
[    0.334235] ACPI: PCI Root Bridge [PCI0] (domain 0000 [bus 00-ff])
[    0.336000] acpi PNP0A03:00: _OSC: OS supports [ASPM ClockPM Segments MSI]
[    0.340538] acpi PNP0A03:00: _OSC: not requesting OS control; OS requires [ExtendedConfig ASPM ClockPM MSI]
[    0.343205] acpi PNP0A03:00: fail to add MMCONFIG information, can't access extended PCI configuration space under this bridge.
[    0.348035] PCI host bridge to bus 0000:00
[    0.349928] pci_bus 0000:00: root bus resource [io  0x0000-0x0cf7 window]
[    0.352000] pci_bus 0000:00: root bus resource [io  0x0d00-0xffff window]
[    0.352005] pci_bus 0000:00: root bus resource [mem 0x000a0000-0x000bffff window]
[    0.356008] pci_bus 0000:00: root bus resource [mem 0x80000000-0xfdffffff window]
[    0.360009] pci_bus 0000:00: root bus resource [bus 00-ff]
[    0.370613] pci 0000:00:01.1: legacy IDE quirk: reg 0x10: [io  0x01f0-0x01f7]
[    0.372006] pci 0000:00:01.1: legacy IDE quirk: reg 0x14: [io  0x03f6]
[    0.376005] pci 0000:00:01.1: legacy IDE quirk: reg 0x18: [io  0x0170-0x0177]
[    0.378971] pci 0000:00:01.1: legacy IDE quirk: reg 0x1c: [io  0x0376]
[    0.423963] pci 0000:00:07.0: quirk: [io  0x4000-0x403f] claimed by PIIX4 ACPI
[    0.424054] pci 0000:00:07.0: quirk: [io  0x4100-0x410f] claimed by PIIX4 SMB
[    0.459814] ACPI: PCI Interrupt Link [LNKA] (IRQs 5 9 10 *11)
[    0.464555] ACPI: PCI Interrupt Link [LNKB] (IRQs 5 9 *10 11)
[    0.467770] ACPI: PCI Interrupt Link [LNKC] (IRQs 5 *9 10 11)
[    0.468306] ACPI: PCI Interrupt Link [LNKD] (IRQs 5 9 10 *11)
[    0.476586] SCSI subsystem initialized
[    0.478608] pci 0000:00:02.0: vgaarb: setting as boot VGA device
[    0.479152] pci 0000:00:02.0: vgaarb: VGA device added: decodes=io+mem,owns=io+mem,locks=none
[    0.480016] pci 0000:00:02.0: vgaarb: bridge control possible
[    0.484008] vgaarb: loaded
[    0.488081] ACPI: bus type USB registered
[    0.490638] usbcore: registered new interface driver usbfs
[    0.492029] usbcore: registered new interface driver hub
[    0.496025] usbcore: registered new device driver usb
[    0.500130] EDAC MC: Ver: 3.0.0
[    0.504614] PCI: Using ACPI for IRQ routing
[    0.508417] NetLabel: Initializing
[    0.510288] NetLabel:  domain hash size = 128
[    0.512013] NetLabel:  protocols = UNLABELED CIPSOv4 CALIPSO
[    0.516053] NetLabel:  unlabeled traffic allowed by default
[    0.520152] clocksource: Switched to clocksource kvm-clock
[    0.558657] VFS: Disk quotas dquot_6.6.0
[    0.559870] VFS: Dquot-cache hash table entries: 512 (order 0, 4096 bytes)
[    0.562189] AppArmor: AppArmor Filesystem Enabled
[    0.563753] pnp: PnP ACPI init
[    0.566285] pnp: PnP ACPI: found 3 devices
[    0.580403] clocksource: acpi_pm: mask: 0xffffff max_cycles: 0xffffff, max_idle_ns: 2085701024 ns
[    0.584854] NET: Registered protocol family 2
[    0.586695] IP idents hash table entries: 32768 (order: 6, 262144 bytes)
[    0.589886] TCP established hash table entries: 16384 (order: 5, 131072 bytes)
[    0.592501] TCP bind hash table entries: 16384 (order: 6, 262144 bytes)
[    0.599328] TCP: Hash tables configured (established 16384 bind 16384)
[    0.601517] UDP hash table entries: 1024 (order: 3, 32768 bytes)
[    0.603321] UDP-Lite hash table entries: 1024 (order: 3, 32768 bytes)
[    0.606091] NET: Registered protocol family 1
[    0.608056] pci 0000:00:00.0: Limiting direct PCI/PCI transfers
[    0.610257] pci 0000:00:01.0: Activating ISA DMA hang workarounds
[    0.613009] pci 0000:00:02.0: Video device with shadowed ROM at [mem 0x000c0000-0x000dffff]
[    0.617111] Unpacking initramfs...
[    1.222845] Freeing initrd memory: 19528K
[    1.225304] clocksource: tsc: mask: 0xffffffffffffffff max_cycles: 0x29dc03c1beb, max_idle_ns: 440795205215 ns
[    1.230554] platform rtc_cmos: registered platform RTC device (no PNP device found)
[    1.236161] Scanning for low memory corruption every 60 seconds
[    1.240823] Initialise system trusted keyrings
[    1.243075] Key type blacklist registered
[    1.245433] workingset: timestamp_bits=36 max_order=19 bucket_order=0
[    1.259074] zbud: loaded
[    1.262013] squashfs: version 4.0 (2009/01/31) Phillip Lougher
[    1.267083] fuse init (API version 7.26)
[    1.275326] Key type asymmetric registered
[    1.278116] Asymmetric key parser 'x509' registered
[    1.282013] Block layer SCSI generic (bsg) driver version 0.4 loaded (major 246)
[    1.286706] io scheduler noop registered
[    1.288969] io scheduler deadline registered
[    1.291288] io scheduler cfq registered (default)
[    1.295893] ACPI: AC Adapter [AC] (off-line)
[    1.298335] input: Power Button as /devices/LNXSYSTM:00/LNXPWRBN:00/input/input0
[    1.302985] ACPI: Power Button [PWRF]
[    1.305322] input: Sleep Button as /devices/LNXSYSTM:00/LNXSLPBN:00/input/input1
[    1.310802] ACPI: Sleep Button [SLPF]
[    1.315608] ACPI: Battery Slot [BAT0] (battery present)
[    1.319275] Serial: 8250/16550 driver, 32 ports, IRQ sharing enabled
[    1.346007] 00:02: ttyS0 at I/O 0x3f8 (irq = 4, base_baud = 115200) is a 16550A
[    1.360423] Linux agpgart interface v0.103
[    1.366034] loop: module loaded
[    1.370833] scsi host0: ata_piix
[    1.374098] scsi host1: ata_piix
[    1.376694] ata1: PATA max UDMA/33 cmd 0x1f0 ctl 0x3f6 bmdma 0xd000 irq 14
[    1.381436] ata2: PATA max UDMA/33 cmd 0x170 ctl 0x376 bmdma 0xd008 irq 15
[    1.387587] tun: Universal TUN/TAP device driver, 1.6
[    1.391933] PPP generic driver version 2.4.2
[    1.394688] ehci_hcd: USB 2.0 'Enhanced' Host Controller (EHCI) Driver
[    1.398709] ehci-pci: EHCI PCI platform driver
[    1.402401] ehci-platform: EHCI generic platform driver
[    1.405257] ohci_hcd: USB 1.1 'Open' Host Controller (OHCI) Driver
[    1.408328] ohci-pci: OHCI PCI platform driver
[    1.410711] ohci-platform: OHCI generic platform driver
[    1.413619] uhci_hcd: USB Universal Host Controller Interface driver
[    1.418596] i8042: PNP: PS/2 Controller [PNP0303:PS2K,PNP0f03:PS2M] at 0x60,0x64 irq 1,12
[    1.423830] serio: i8042 KBD port at 0x60,0x64 irq 1
[    1.426579] serio: i8042 AUX port at 0x60,0x64 irq 12
[    1.430795] mousedev: PS/2 mouse device common for all mice
[    1.435205] input: AT Translated Set 2 keyboard as /devices/platform/i8042/serio0/input/input2
[    1.440538] rtc_cmos rtc_cmos: rtc core: registered rtc_cmos as rtc0
[    1.445014] rtc_cmos rtc_cmos: alarms up to one day, 114 bytes nvram
[    1.448698] i2c /dev entries driver
[    1.450734] device-mapper: uevent: version 1.0.3
[    1.453994] device-mapper: ioctl: 4.37.0-ioctl (2017-09-20) initialised: dm-devel@redhat.com
[    1.459529] ledtrig-cpu: registered to indicate activity on CPUs
[    1.464254] NET: Registered protocol family 10
[    1.475399] Segment Routing with IPv6
[    1.477932] NET: Registered protocol family 17
[    1.480398] Key type dns_resolver registered
[    1.483048] mce: Using 0 MCE banks
[    1.485422] RAS: Correctable Errors collector initialized.
[    1.489588] sched_clock: Marking stable (1489515838, 0)->(1966699211, -477183373)
[    1.494840] registered taskstats version 1
[    1.497190] Loading compiled-in X.509 certificates
[    1.505957] Loaded X.509 cert 'Build time autogenerated kernel key: af04d57e94487e4500da7630f19b69a59e91d95a'
[    1.512233] Loaded X.509 cert 'Canonical Ltd. Live Patch Signing: 14df34d1a87cf37625abec039ef2bf521249b969'
[    1.520210] Loaded X.509 cert 'Canonical Ltd. Kernel Module Signing: 88f752e560a1e0737e31163a466ad7b70a850c19'
[    1.525276] blacklist: Loading compiled-in revocation X.509 certificates
[    1.528843] Loaded X.509 cert 'Canonical Ltd. Secure Boot Signing: 61482aa2830d0ab2ad5af10b7250da9033ddcef0'
[    1.535819] zswap: loaded using pool lzo/zbud
[    1.571772] Key type big_key registered
[    1.573424] Key type trusted registered
[    1.578166] Key type encrypted registered
[    1.580322] AppArmor: AppArmor sha1 policy hashing enabled
[    1.583222] ima: No TPM chip found, activating TPM-bypass! (rc=-19)
[    1.588203] ima: Allocated hash algorithm: sha1
[    1.590911] evm: HMAC attrs: 0x1
[    1.593346]   Magic number: 6:664:296
[    1.595300] tty tty29: hash matches
[    1.597477] rtc_cmos rtc_cmos: setting system clock to 2022-09-24 20:16:08 UTC (1664050568)
[    1.603903] BIOS EDD facility v0.16 2004-Jun-25, 0 devices found
[    1.606904] EDD information not available.
[    1.614156] Freeing unused kernel image memory: 2468K
[    1.632579] Write protecting the kernel read-only data: 20480k
[    1.635388] Freeing unused kernel image memory: 2008K
[    1.637709] Freeing unused kernel image memory: 1820K
[    1.655091] x86/mm: Checked W+X mappings: passed, no W+X pages found.
[    1.658390] x86/mm: Checking user space page tables
[    1.676154] x86/mm: Checked W+X mappings: passed, no W+X pages found.
Loading, please wait...
starting version 237
[    1.866256] e1000: Intel(R) PRO/1000 Network Driver - version 7.3.21-k8-NAPI
[    1.871089] e1000: Copyright (c) 1999-2006 Intel Corporation.
[    1.893812] Fusion MPT base driver 3.04.20
[    1.895491] Copyright (c) 1999-2008 LSI Corporation
[    1.930790] AVX2 version of gcm_enc/dec engaged.
[    1.932950] AES CTR mode by8 optimization enabled
[    1.935969] Fusion MPT SPI Host driver 3.04.20
[    2.092688] input: ImExPS/2 Generic Explorer Mouse as /devices/platform/i8042/serio1/input/input4
[    2.439750] e1000 0000:00:03.0 eth0: (PCI:33MHz:32-bit) 02:de:0f:a2:7f:32
[    2.444474] e1000 0000:00:03.0 eth0: Intel(R) PRO/1000 Network Connection
[    2.453645] mptbase: ioc0: Initiating bringup
[    3.235283] ioc0: LSI53C1030 A0: Capabilities={Initiator}
[    5.244330] scsi host2: ioc0: LSI53C1030 A0, FwRev=00000000h, Ports=1, MaxQ=256, IRQ=20
[    7.043003] scsi 2:0:0:0: Direct-Access     VBOX     HARDDISK         1.0  PQ: 0 ANSI: 5
[    7.088390] scsi target2:0:0: Beginning Domain Validation
[    7.104606] scsi target2:0:0: Domain Validation skipping write tests
[    7.112745] scsi target2:0:0: Ending Domain Validation
[    7.121113] scsi target2:0:0: asynchronous
[    7.129700] scsi 2:0:1:0: Direct-Access     VBOX     HARDDISK         1.0  PQ: 0 ANSI: 5
[    7.492206] scsi target2:0:1: Beginning Domain Validation
[    7.503770] random: fast init done
[    7.515438] scsi target2:0:1: Domain Validation skipping write tests
[    7.524680] scsi target2:0:1: Ending Domain Validation
[    7.532398] scsi target2:0:1: asynchronous
[    7.576470] sd 2:0:0:0: Attached scsi generic sg0 type 0
[    7.582825] random: systemd-udevd: uninitialized urandom read (16 bytes read)
[    7.585398] sd 2:0:1:0: Attached scsi generic sg1 type 0
[    7.604376] sd 2:0:0:0: [sda] 83886080 512-byte logical blocks: (42.9 GB/40.0 GiB)
[    7.614823] random: systemd-udevd: uninitialized urandom read (16 bytes read)
[    7.627966] random: systemd-udevd: uninitialized urandom read (16 bytes read)
[    7.638121] sd 2:0:0:0: [sda] Write Protect is off
[    7.645346] sd 2:0:1:0: [sdb] 20480 512-byte logical blocks: (10.5 MB/10.0 MiB)
[    7.658159] sd 2:0:1:0: [sdb] Write Protect is off
[    7.665049] sd 2:0:0:0: [sda] Incomplete mode parameter data
[    7.672427] sd 2:0:0:0: [sda] Assuming drive cache: write through
[    7.682912] sd 2:0:1:0: [sdb] Incomplete mode parameter data
[    7.690833] sd 2:0:1:0: [sdb] Assuming drive cache: write through
[    7.707413]  sda: sda1
[    7.717045] sd 2:0:0:0: [sda] Attached SCSI disk
[    7.729821] sd 2:0:1:0: [sdb] Attached SCSI disk
[    7.892997] e1000 0000:00:08.0 eth1: (PCI:33MHz:32-bit) 08:00:27:c6:5c:ea
[    7.894772] e1000 0000:00:08.0 eth1: Intel(R) PRO/1000 Network Connection
[    7.899550] e1000 0000:00:08.0 enp0s8: renamed from eth1
[    7.916531] e1000 0000:00:03.0 enp0s3: renamed from eth0
Begin: Loading essential drivers ... [   10.172097] raid6: sse2x1   gen()  5950 MB/s
[   10.220157] raid6: sse2x1   xor()  4598 MB/s
[   10.268218] raid6: sse2x2   gen()  6909 MB/s
[   10.316100] raid6: sse2x2   xor()  4123 MB/s
[   10.364104] raid6: sse2x4   gen()  6472 MB/s
[   10.412145] raid6: sse2x4   xor()  5264 MB/s
[   10.460110] raid6: avx2x1   gen() 13084 MB/s
[   10.508069] raid6: avx2x1   xor()  7710 MB/s
[   10.560090] raid6: avx2x2   gen() 15882 MB/s
[   10.608154] raid6: avx2x2   xor()  9311 MB/s
[   10.656126] raid6: avx2x4   gen() 10705 MB/s
[   10.704202] raid6: avx2x4   xor()  6079 MB/s
[   10.707723] raid6: using algorithm avx2x2 gen() 15882 MB/s
[   10.711923] raid6: .... xor() 9311 MB/s, rmw enabled
[   10.715159] raid6: using avx2x2 recovery algorithm
[   10.721392] xor: automatically using best checksumming function   avx       
[   10.728644] async_tx: api initialized (async)
done.
Begin: Running /scripts/init-premount ... done.
Begin: Mounting root file system ... Begin: Running /scripts/local-top ... done.
Begin: Running /scripts/local-premount ... [   10.838507] Btrfs loaded, crc32c=crc32c-intel
Scanning for Btrfs filesystems
done.
Warning: fsck not present, so skipping root file system
[   10.912014] EXT4-fs (sda1): mounted filesystem with ordered data mode. Opts: (null)
done.
Begin: Running /scripts/local-bottom ... done.
Begin: Running /scripts/init-bottom ... done.
[   11.182938] ip_tables: (C) 2000-2006 Netfilter Core Team
[   11.205900] systemd[1]: systemd 237 running in system mode. (+PAM +AUDIT +SELINUX +IMA +APPARMOR +SMACK +SYSVINIT +UTMP +LIBCRYPTSETUP +GCRYPT +GNUTLS +ACL +XZ +LZ4 +SECCOMP +BLKID +ELFUTILS +KMOD -IDN2 +IDN -PCRE2 default-hierarchy=hybrid)
[   11.221086] systemd[1]: Detected virtualization oracle.
[   11.225718] systemd[1]: Detected architecture x86-64.

Welcome to [1mUbuntu 18.04.6 LTS[0m!

[   11.246172] systemd[1]: Set hostname to <ubuntu>.
[   11.257340] systemd[1]: Initializing machine ID from random generator.
[   11.260783] systemd[1]: Installed transient /etc/machine-id file.
[   11.651080] systemd[1]: Reached target Swap.
[[0;32m  OK  [0m] Reached target Swap.
[   11.654172] systemd[1]: Started Forward Password Requests to Wall Directory Watch.
[[0;32m  OK  [0m] Started Forward Password Requests to Wall Directory Watch.
[   11.657874] systemd[1]: Reached target User and Group Name Lookups.
[[0;32m  OK  [0m] Reached target User and Group Name Lookups.
[   11.662771] systemd[1]: Created slice System Slice.
[[0;32m  OK  [0m] Created slice System Slice.
[[0;32m  OK  [0m] Listening on Journal Socket.
         Starting Load Kernel Modules...
         Mounting Kernel Debug File System...
[[0;32m  OK  [0m] Listening on LVM2 poll daemon socket.
         Mounting POSIX Message Queue File System...
[[0;32m  OK  [0m] Listening on Network Service Netlink Socket.
[[0;32m  OK  [0m] Listening on Syslog Socket.
         Starting Set the console keyboard layout...
[[0;32m  OK  [0m] Listening on fsck to fsckd communication Socket.
         Starting File System Check on Root Device...[   11.696687] Loading iSCSI transport class v2.0-870.

[[0;32m  OK  [0m] Listening on Journal Socket (/dev/log).
[[0;32m  OK  [0m] Listening on udev Control Socket.
[[0;32m  OK  [0m] Listening on LVM2 metadata daemon socket.
[[0;32m  OK  [0m] Listening on Journal Audit Socket.
         Starting Journal Service...
[[0;32m  OK  [0m] Created slice system-serial\x2dgetty.slice.
[   11.751209] iscsi: registered transport (tcp)
         Starting Uncomplicated firewall...
[[0;32m  OK  [0m] Listening on /dev/initctl Compatibility Named Pipe.
[[0;32m  OK  [0m] Reached target System Time Synchronized.
[[0;32m  OK  [0m] Listening on Device-mapper event daemon FIFOs.
         Starting Monitoring of LVM2 mirrors…ng dmeventd or progress polling...
[[0;32m  OK  [0m] Created slice User and Session Slice.
[[0;32m  OK  [0m] Reached target Slices.
         Mounting Huge Pages File System...
         Starting Create list of required st…ce nodes for the current kernel...
[   11.829643] iscsi: registered transport (iser)
[[0;32m  OK  [0m] Set up automount Arbitrary Executab…rmats File System Automount Point.
[[0;32m  OK  [0m] Listening on udev Kernel Socket.
         Starting udev Coldplug all Devices...
[[0;32m  OK  [0m] Started Load Kernel Modules.
[[0;32m  OK  [0m] Mounted Kernel Debug File System.
[[0;32m  OK  [0m] Mounted POSIX Message Queue File System.
[[0;32m  OK  [0m] Started File System Check on Root Device.
[[0;32m  OK  [0m] Started Uncomplicated firewall.
[[0;32m  OK  [0m] Mounted Huge Pages File System.
[[0;32m  OK  [0m] Started Create list of required sta…vice nodes for the current kernel.
[[0;32m  OK  [0m] Started LVM2 metadata daemon.
[[0;32m  OK  [0m] Started File System Check Daemon to report status.
         Starting Create Static Device Nodes in /dev...
         Starting Remount Root and Kernel File Systems...
         Starting Apply Kernel Variables...
         Mounting FUSE Control File System...
         Mounting Kernel Configuration File System...
[[0;32m  OK  [0m] Mounted FUSE Control File System.
[[0;32m  OK  [0m] Mounted Kernel Configuration File System.
[[0;32m  OK  [0m] Started Remount Root and Kernel File Systems.
         Starting Load/Save Random Seed...
[[0;32m  OK  [0m] Started Journal Service.
[[0;32m  OK  [0m] Started Monitoring of LVM2 mirrors,…sing dmeventd or progress polling.
[[0;32m  OK  [0m] Started Create Static Device Nodes in /dev.
[[0;32m  OK  [0m] Started Apply Kernel Variables.
         Starting udev Kernel Device Manager...
         Starting Flush Journal to Persistent Storage...
[[0;32m  OK  [0m] Started Load/Save Random Seed.
[[0;32m  OK  [0m] Started udev Kernel Device Manager.
[[0;32m  OK  [0m] Started Flush Journal to Persistent Storage.
[[0;32m  OK  [0m] Started udev Coldplug all Devices.
[[0;32m  OK  [0m] Started Set the console keyboard layout.
[[0;32m  OK  [0m] Reached target Local File Systems (Pre).
[[0;32m  OK  [0m] Reached target Local File Systems.
         Starting Create Volatile Files and Directories...
         Starting ebtables ruleset management...
         Starting Set console font and keymap...
         Starting AppArmor initialization...
         Starting Commit a transient machine-id on disk...
         Starting Tell Plymouth To Write Out Runtime Data...
[[0;32m  OK  [0m] Started Dispatch Password Requests to Console Directory Watch.
[[0;32m  OK  [0m] Reached target Local Encrypted Volumes.
[[0;32m  OK  [0m] Started Set console font and keymap.
[[0;32m  OK  [0m] Started Tell Plymouth To Write Out Runtime Data.
[[0;32m  OK  [0m] Started Create Volatile Files and Directories.
         Starting Update UTMP about System Boot/Shutdown...
[[0;32m  OK  [0m] Started Commit a transient machine-id on disk.
[[0;32m  OK  [0m] Started Update UTMP about System Boot/Shutdown.
[[0;32m  OK  [0m] Started ebtables ruleset management.
[[0;32m  OK  [0m] Found device /dev/ttyS0.
[[0;32m  OK  [0m] Listening on Load/Save RF Kill Switch Status /dev/rfkill Watch.
[[0;32m  OK  [0m] Started AppArmor initialization.
         Starting Initial cloud-init job (pre-networking)...
         Starting Load AppArmor profiles managed internally by snapd...
[[0;32m  OK  [0m] Started Load AppArmor profiles managed internally by snapd.
[   18.985788] cloud-init[592]: Cloud-init v. 22.2-0ubuntu1~18.04.3 running 'init-local' at Sat, 24 Sep 2022 20:16:25 +0000. Up 18.19 seconds.
[[0;32m  OK  [0m] Started Initial cloud-init job (pre-networking).
[[0;32m  OK  [0m] Reached target Network (Pre).
         Starting Network Service...
[[0;32m  OK  [0m] Started Network Service.
         Starting Network Name Resolution...
         Starting Wait for Network to be Configured...
[[0;32m  OK  [0m] Started Network Name Resolution.
[[0;32m  OK  [0m] Reached target Network.
[[0;32m  OK  [0m] Reached target Host and Network Name Lookups.
[[0;32m  OK  [0m] Started Wait for Network to be Configured.
         Starting Initial cloud-init job (metadata service crawler)...
[   22.510160] cloud-init[718]: Cloud-init v. 22.2-0ubuntu1~18.04.3 running 'init' at Sat, 24 Sep 2022 20:16:29 +0000. Up 22.11 seconds.
[   22.512583] cloud-init[718]: ci-info: ++++++++++++++++++++++++++++++++++++++Net device info++++++++++++++++++++++++++++++++++++++
[   22.524566] cloud-init[718]: ci-info: +--------+-------+---------------------------+---------------+--------+-------------------+
[   22.540468] cloud-init[718]: ci-info: | Device |   Up  |          Address          |      Mask     | Scope  |     Hw-Address    |
[   22.543562] cloud-init[718]: ci-info: +--------+-------+---------------------------+---------------+--------+-------------------+
[   22.556276] cloud-init[718]: ci-info: | enp0s3 |  True |         10.0.2.15         | 255.255.255.0 | global | 02:de:0f:a2:7f:32 |
[   22.557887] cloud-init[718]: ci-info: | enp0s3 |  True | fe80::de:fff:fea2:7f32/64 |       .       |  link  | 02:de:0f:a2:7f:32 |
[   22.559695] cloud-init[718]: ci-info: | enp0s8 | False |             .             |       .       |   .    | 08:00:27:c6:5c:ea |
[   22.561376] cloud-init[718]: ci-info: |   lo   |  True |         127.0.0.1         |   255.0.0.0   |  host  |         .         |
[   22.572351] cloud-init[718]: ci-info: |   lo   |  True |          ::1/128          |       .       |  host  |         .         |
[   22.574761] cloud-init[718]: ci-info: +--------+-------+---------------------------+---------------+--------+-------------------+
[   22.588470] cloud-init[718]: ci-info: ++++++++++++++++++++++++++++Route IPv4 info+++++++++++++++++++++++++++++
[   22.600386] cloud-init[718]: ci-info: +-------+-------------+----------+-----------------+-----------+-------+
[   22.613355] cloud-init[718]: ci-info: | Route | Destination | Gateway  |     Genmask     | Interface | Flags |
[   22.624378] cloud-init[718]: ci-info: +-------+-------------+----------+-----------------+-----------+-------+
[   22.636411] cloud-init[718]: ci-info: |   0   |   0.0.0.0   | 10.0.2.2 |     0.0.0.0     |   enp0s3  |   UG  |
[   22.648226] cloud-init[718]: ci-info: |   1   |   10.0.2.0  | 0.0.0.0  |  255.255.255.0  |   enp0s3  |   U   |
[   22.650138] cloud-init[718]: ci-info: |   2   |   10.0.2.2  | 0.0.0.0  | 255.255.255.255 |   enp0s3  |   UH  |
[   22.660445] cloud-init[718]: ci-info: +-------+-------------+----------+-----------------+-----------+-------+
[   22.672674] cloud-init[718]: ci-info: +++++++++++++++++++Route IPv6 info+++++++++++++++++++
[   22.688910] cloud-init[718]: ci-info: +-------+-------------+---------+-----------+-------+
[   22.704229] cloud-init[718]: ci-info: | Route | Destination | Gateway | Interface | Flags |
[   22.706074] cloud-init[718]: ci-info: +-------+-------------+---------+-----------+-------+
[   22.707826] cloud-init[718]: ci-info: |   1   |  fe80::/64  |    ::   |   enp0s3  |   U   |
[   22.709651] cloud-init[718]: ci-info: |   3   |    local    |    ::   |   enp0s3  |   U   |
[   22.711496] cloud-init[718]: ci-info: |   4   |   ff00::/8  |    ::   |   enp0s3  |   U   |
[   22.713198] cloud-init[718]: ci-info: +-------+-------------+---------+-----------+-------+
[   24.472726] cloud-init[718]: Generating public/private rsa key pair.
[   24.474156] cloud-init[718]: Your identification has been saved in /etc/ssh/ssh_host_rsa_key.
[   24.475778] cloud-init[718]: Your public key has been saved in /etc/ssh/ssh_host_rsa_key.pub.
[   24.476941] cloud-init[718]: The key fingerprint is:
[   24.488623] cloud-init[718]: SHA256:Qrli9TeXTN4fl/oR6wT6sC1XKUPPm8E68WymLwjc1vA root@ubuntu-bionic
[   24.500709] cloud-init[718]: The key's randomart image is:
[   24.503850] cloud-init[718]: +---[RSA 2048]----+
[   24.516507] cloud-init[718]: |                 |
[   24.528419] cloud-init[718]: |       .         |
[   24.530790] cloud-init[718]: |      +     .    |
[   24.533133] cloud-init[718]: |     o o   = +  .|
[   24.535076] cloud-init[718]: |    o o S + X.=+o|
[   24.548269] cloud-init[718]: |   . . . + =.EoO=|
[   24.549234] cloud-init[718]: |          oo..O+=|
[   24.550829] cloud-init[718]: |           o==+B.|
[   24.551953] cloud-init[718]: |           .o+B+ |
[   24.553115] cloud-init[718]: +----[SHA256]-----+
[   24.554062] cloud-init[718]: Generating public/private dsa key pair.
[   24.555402] cloud-init[718]: Your identification has been saved in /etc/ssh/ssh_host_dsa_key.
[   24.557149] cloud-init[718]: Your public key has been saved in /etc/ssh/ssh_host_dsa_key.pub.
[   24.559484] cloud-init[718]: The key fingerprint is:
[   24.560563] cloud-init[718]: SHA256:UzC1Yh8Ls7LeLIc4OvqCdskCGFbL/4UCX3efBSYvvoY root@ubuntu-bionic
[   24.562221] cloud-init[718]: The key's randomart image is:
[   24.563391] cloud-init[718]: +---[DSA 1024]----+
[   24.564462] cloud-init[718]: |        o..      |
[   24.565431] cloud-init[718]: |   .     o o o   |
[   24.566397] cloud-init[718]: |  o .   = + + .  |
[   24.567616] cloud-init[718]: |.. +   o O = . . |
[   24.568813] cloud-init[718]: |o.  + o S = o o  |
[   24.570137] cloud-init[718]: |o    + + o . o   |
[   24.571261] cloud-init[718]: |o . ..+.. . .    |
[   24.572284] cloud-init[718]: |oo.+o.o+.E o     |
[   24.573483] cloud-init[718]: |o+=o ..oo .      |
[   24.574564] cloud-init[718]: +----[SHA256]-----+
[   24.575328] cloud-init[718]: Generating public/private ecdsa key pair.
[   24.576696] cloud-init[718]: Your identification has been saved in /etc/ssh/ssh_host_ecdsa_key.
[   24.578405] cloud-init[718]: Your public key has been saved in /etc/ssh/ssh_host_ecdsa_key.pub.
[   24.580189] cloud-init[718]: The key fingerprint is:
[   24.592452] cloud-init[718]: SHA256:rmK+PqFrqDn03qejPlu0jKsluLF3iBKSaQh9huuBjVg root@ubuntu-bionic
[   24.594991] cloud-init[718]: The key's randomart image is:
[   24.597565] cloud-init[718]: +---[ECDSA 256]---+
[   24.601065] cloud-init[718]: |                 |
[   24.604150] cloud-init[718]: |                 |
[   24.616415] cloud-init[718]: | . .             |
[   24.619465] cloud-init[718]: |. E o            |
[   24.632464] cloud-init[718]: |+B + .  S        |
[   24.635417] cloud-init[718]: |@o+ = ..         |
[   24.637785] cloud-init[718]: |**.* =  .        |
[   24.640218] cloud-init[718]: |==OoO. o         |
[   24.642387] cloud-init[718]: |B==%B*=          |
[   24.644773] cloud-init[718]: +----[SHA256]-----+
[   24.646886] cloud-init[718]: Generating public/private ed25519 key pair.
[   24.651038] cloud-init[718]: Your identification has been saved in /etc/ssh/ssh_host_ed25519_key.
[   24.655737] cloud-init[718]: Your public key has been saved in /etc/ssh/ssh_host_ed25519_key.pub.
[   24.660330] cloud-init[718]: The key fingerprint is:
[   24.663244] cloud-init[718]: SHA256:FcR9xtSye4gPA60Y8YpOcAdRlerxKp/jEoXwiXATObk root@ubuntu-bionic
[   24.668384] cloud-init[718]: The key's randomart image is:
[   24.671234] cloud-init[718]: +--[ED25519 256]--+
[   24.673561] cloud-init[718]: |    .+.o.++o o.. |
[   24.676789] cloud-init[718]: |  . B . . o.. = .|
[   24.680434] cloud-init[718]: |   o B + +.. o o |
[   24.683852] cloud-init[718]: |    E = *.o . .  |
[   24.688114] cloud-init[718]: |     o =S* o . o |
[   24.691086] cloud-init[718]: |      + + o + o .|
[   24.694200] cloud-init[718]: |     o . .   + . |
[   24.696871] cloud-init[718]: |      + o.    .  |
[   24.699785] cloud-init[718]: |       =+.       |
[   24.703496] cloud-init[718]: +----[SHA256]-----+
[[0;32m  OK  [0m] Started Initial cloud-init job (metadata service crawler).
[[0;32m  OK  [0m] Reached target Cloud-config availability.
[[0;32m  OK  [0m] Reached target System Initialization.
[[0;32m  OK  [0m] Listening on D-Bus System Message Bus Socket.
[[0;32m  OK  [0m] Listening on Open-iSCSI iscsid Socket.
[[0;32m  OK  [0m] Started Discard unused blocks once a week.
[[0;32m  OK  [0m] Started Daily apt download activities.
[[0;32m  OK  [0m] Listening on UUID daemon activation socket.
[[0;32m  OK  [0m] Started Daily Cleanup of Temporary Directories.
[[0;32m  OK  [0m] Started Ubuntu Advantage Timer for running repeated jobs.
[[0;32m  OK  [0m] Started Daily apt upgrade and clean activities.
[[0;32m  OK  [0m] Started Message of the Day.
[[0;32m  OK  [0m] Reached target Timers.
         Starting Socket activation for snappy daemon.
         Starting LXD - unix socket.
[[0;32m  OK  [0m] Listening on ACPID Listen Socket.
[[0;32m  OK  [0m] Started ACPI Events Check.
[[0;32m  OK  [0m] Reached target Paths.
[[0;32m  OK  [0m] Listening on cloud-init hotplug hook socket.
[[0;32m  OK  [0m] Reached target Network is Online.
         Starting Availability of block devices...
[[0;32m  OK  [0m] Reached target Remote File Systems (Pre).
[[0;32m  OK  [0m] Reached target Remote File Systems.
[[0;32m  OK  [0m] Listening on Socket activation for snappy daemon.
[[0;32m  OK  [0m] Listening on LXD - unix socket.
[[0;32m  OK  [0m] Started Availability of block devices.
[[0;32m  OK  [0m] Reached target Sockets.
[[0;32m  OK  [0m] Reached target Basic System.
[[0;32m  OK  [0m] Started D-Bus System Message Bus.
         Starting LSB: automatic crash report generation...
         Starting Login Service...
[[0;32m  OK  [0m] Started Regular background program processing daemon.
[[0;32m  OK  [0m] Started FUSE filesystem for LXC.
         Starting System Logging Service...
         Starting Pollinate to seed the pseudo random number generator...
         Starting LSB: Record successful boot for GRUB...
         Starting Virtualbox guest utils...
[[0;32m  OK  [0m] Started irqbalance daemon.
         Starting Accounts Service...
[[0;32m  OK  [0m] Started Deferred execution scheduler.
         Starting Dispatcher daemon for systemd-networkd...
         Starting LXD - container startup/shutdown...
         Starting Permit User Sessions...
         Starting Snap Daemon...
[[0;32m  OK  [0m] Started System Logging Service.
[[0;32m  OK  [0m] Started Permit User Sessions.
[[0;32m  OK  [0m] Started Login Service.
[[0;32m  OK  [0m] Started Unattended Upgrades Shutdown.
         Starting Hold until boot process finishes up...
         Starting Terminate Plymouth Boot Screen...
[[0;32m  OK  [0m] Started Hold until boot process finishes up.
         Starting Set console scheme...
[[0;32m  OK  [0m] Started Serial Getty on ttyS0.
[[0;32m  OK  [0m] Started Terminate Plymouth Boot Screen.
[[0;32m  OK  [0m] Started Set console scheme.
[[0;32m  OK  [0m] Created slice system-getty.slice.
[[0;32m  OK  [0m] Started Getty on tty1.
[[0;32m  OK  [0m] Reached target Login Prompts.
[[0;32m  OK  [0m] Started LSB: Record successful boot for GRUB.
[[0;32m  OK  [0m] Started LSB: automatic crash report generation.
         Starting Authorization Manager...
[[0;32m  OK  [0m] Started Authorization Manager.
[[0;32m  OK  [0m] Started Accounts Service.
[[0;32m  OK  [0m] Started Virtualbox guest utils.
[[0;32m  OK  [0m] Started LXD - container startup/shutdown.
[[0;32m  OK  [0m] Started Dispatcher daemon for systemd-networkd.
[[0;32m  OK  [0m] Started Snap Daemon.
         Starting Wait until snapd is fully seeded...
         Starting Time & Date Service...
[[0;32m  OK  [0m] Started Time & Date Service.
[[0;32m  OK  [0m] Started Pollinate to seed the pseudo random number generator.
         Starting OpenBSD Secure Shell server...
[[0;32m  OK  [0m] Started OpenBSD Secure Shell server.
[[0;32m  OK  [0m] Created slice User Slice of vagrant.
         Starting User Manager for UID 1000...
[[0;32m  OK  [0m] Started Session 1 of user vagrant.
[[0;32m  OK  [0m] Started User Manager for UID 1000.

Ubuntu 18.04.6 LTS ubuntu-bionic ttyS0

ubuntu-bionic login: [   33.625496] cloud-init[1283]: Cloud-init v. 22.2-0ubuntu1~18.04.3 running 'modules:config' at Sat, 24 Sep 2022 20:16:39 +0000. Up 32.19 seconds.
ci-info: no authorized SSH keys fingerprints found for user ubuntu.
<14>Sep 24 20:16:42 cloud-init: #############################################################
<14>Sep 24 20:16:42 cloud-init: -----BEGIN SSH HOST KEY FINGERPRINTS-----
<14>Sep 24 20:16:42 cloud-init: 1024 SHA256:UzC1Yh8Ls7LeLIc4OvqCdskCGFbL/4UCX3efBSYvvoY root@ubuntu-bionic (DSA)
<14>Sep 24 20:16:42 cloud-init: 256 SHA256:rmK+PqFrqDn03qejPlu0jKsluLF3iBKSaQh9huuBjVg root@ubuntu-bionic (ECDSA)
<14>Sep 24 20:16:42 cloud-init: 256 SHA256:FcR9xtSye4gPA60Y8YpOcAdRlerxKp/jEoXwiXATObk root@ubuntu-bionic (ED25519)
<14>Sep 24 20:16:42 cloud-init: 2048 SHA256:Qrli9TeXTN4fl/oR6wT6sC1XKUPPm8E68WymLwjc1vA root@ubuntu-bionic (RSA)
<14>Sep 24 20:16:42 cloud-init: -----END SSH HOST KEY FINGERPRINTS-----
<14>Sep 24 20:16:42 cloud-init: #############################################################
-----BEGIN SSH HOST KEY KEYS-----
ecdsa-sha2-nistp256 AAAAE2VjZHNhLXNoYTItbmlzdHAyNTYAAAAIbmlzdHAyNTYAAABBBK5CnNxVORXRHab/+en+29E+jUc8yrjjfBlKPkKFMVblweghCW259uNgPUF5sR/0Ra3fBxcadTJxdcoKIoA47JY= root@ubuntu-bionic
ssh-ed25519 AAAAC3NzaC1lZDI1NTE5AAAAIPqQfBGzX9V5btLJy/jKwPgy+/4sXSRUU+eGcD0jzGOX root@ubuntu-bionic
ssh-rsa AAAAB3NzaC1yc2EAAAADAQABAAABAQCiNFTYBSXi3aVpLm5xBJXfGji0WPb8joP4qhTvoSQgpsJeR3JpDsNx41lP/U39AKQ73edRgai8qZD00Skr+kF/0qJI90whlB3vutIt6EOFyTGbx+cWlwqnv3YCRApVg1sgLGFLcfbp7x3z9TtborRlzEDElqfGAlj/Ob2nwXlzrKMkpLPT/sAh8hpjClBVPerQoYA3rq5gK9Ier0GjMnKotjkhJ897bS7bIMvBCiXqYsritLNwbqi7wAJcYT2/xLaYvEwAD4AAHDaPM2q+ZM9ggFyFCGVow3TLy13WNv129Uf1imjfQuduwtkNhv+OAKiyYH3OJuOcFUpF1ZuSQgJp root@ubuntu-bionic
-----END SSH HOST KEY KEYS-----
[   35.498691] cloud-init[1430]: Cloud-init v. 22.2-0ubuntu1~18.04.3 running 'modules:final' at Sat, 24 Sep 2022 20:16:41 +0000. Up 35.06 seconds.
[   35.503267] cloud-init[1430]: Cloud-init v. 22.2-0ubuntu1~18.04.3 finished at Sat, 24 Sep 2022 20:16:42 +0000. Datasource DataSourceNoCloud [seed=/dev/sdb][dsmode=net].  Up 35.44 seconds
